<?xml version="1.0" encoding="UTF-8"?>
<!-- Generated by org.testng.reporters.JUnitXMLReporter -->
<testsuite hostname="ManojSitu" ignored="0" name="Default test" tests="2" failures="0" timestamp="19 May 2019 09:51:20 GMT" time="131.619" errors="0">
  <testcase name="RegisterDDT" time="4.266" classname="Com.nopCommerce.Tests.NopCommerce_RegisterDDT_Tc002"/>
  <testcase name="RegisterDDT" time="2.514" classname="Com.nopCommerce.Tests.NopCommerce_RegisterDDT_Tc002"/>
</testsuite> <!-- Default test -->
