<?xml version="1.0" encoding="UTF-8"?>
<!-- Generated by org.testng.reporters.JUnitXMLReporter -->
<testsuite hostname="ManojSitu" ignored="0" name="NOP-E-Commerce Test" tests="3" failures="0" timestamp="21 May 2019 06:43:44 GMT" time="88.101" errors="0">
  <testcase name="RegisterNopCommerce" time="3.73" classname="Com.nopCommerce.Tests.NopCommerce_Register_Tc001"/>
  <testcase name="RegisterDDT" time="3.656" classname="Com.nopCommerce.Tests.NopCommerce_RegisterDDT_Tc002"/>
  <testcase name="RegisterDDT" time="1.859" classname="Com.nopCommerce.Tests.NopCommerce_RegisterDDT_Tc002"/>
</testsuite> <!-- NOP-E-Commerce Test -->
