<?xml version="1.0" encoding="UTF-8"?>
<!-- Generated by org.testng.reporters.JUnitXMLReporter -->
<testsuite hostname="ManojSitu" ignored="0" name="NOP-E-Commerce Test" tests="3" failures="0" timestamp="23 May 2019 09:12:58 GMT" time="91.66" errors="0">
  <testcase name="RegisterNopCommerce" time="3.88" classname="Com.nopCommerce.Tests.NopCommerce_Register_Tc001"/>
  <testcase name="RegisterDDT" time="2.349" classname="Com.nopCommerce.Tests.NopCommerce_RegisterDDT_Tc002"/>
  <testcase name="RegisterDDT" time="1.617" classname="Com.nopCommerce.Tests.NopCommerce_RegisterDDT_Tc002"/>
</testsuite> <!-- NOP-E-Commerce Test -->
