<?xml version="1.0" encoding="UTF-8"?>
<testng-results skipped="0" failed="0" ignored="0" total="3" passed="3">
  <reporter-output>
  </reporter-output>
  <suite name="NopCommerce" duration-ms="88101" started-at="2019-05-21T06:42:16Z" finished-at="2019-05-21T06:43:44Z">
    <groups>
    </groups>
    <test name="NOP-E-Commerce Test" duration-ms="88101" started-at="2019-05-21T06:42:16Z" finished-at="2019-05-21T06:43:44Z">
      <class name="Com.nopCommerce.Tests.NopCommerce_Register_Tc001">
        <test-method status="PASS" signature="SetUp()[pri:0, instance:Com.nopCommerce.Tests.NopCommerce_Register_Tc001@2d928643]" name="SetUp" is-config="true" duration-ms="47075" started-at="2019-05-21T06:42:17Z" finished-at="2019-05-21T06:43:04Z">
          <reporter-output>
          </reporter-output>
        </test-method> <!-- SetUp -->
        <test-method status="PASS" signature="RegisterNopCommerce()[pri:0, instance:Com.nopCommerce.Tests.NopCommerce_Register_Tc001@2d928643]" name="RegisterNopCommerce" duration-ms="3730" started-at="2019-05-21T06:43:04Z" finished-at="2019-05-21T06:43:08Z">
          <reporter-output>
          </reporter-output>
        </test-method> <!-- RegisterNopCommerce -->
        <test-method status="PASS" signature="Teardown()[pri:0, instance:Com.nopCommerce.Tests.NopCommerce_Register_Tc001@2d928643]" name="Teardown" is-config="true" duration-ms="7254" started-at="2019-05-21T06:43:08Z" finished-at="2019-05-21T06:43:15Z">
          <reporter-output>
          </reporter-output>
        </test-method> <!-- Teardown -->
      </class> <!-- Com.nopCommerce.Tests.NopCommerce_Register_Tc001 -->
      <class name="Com.nopCommerce.Tests.NopCommerce_RegisterDDT_Tc002">
        <test-method status="PASS" signature="SetUp()[pri:0, instance:Com.nopCommerce.Tests.NopCommerce_RegisterDDT_Tc002@5025a98f]" name="SetUp" is-config="true" duration-ms="14840" started-at="2019-05-21T06:43:15Z" finished-at="2019-05-21T06:43:30Z">
          <reporter-output>
          </reporter-output>
        </test-method> <!-- SetUp -->
        <test-method status="PASS" signature="RegisterDDT(java.lang.String, java.lang.String, java.lang.String, java.lang.String)[pri:0, instance:Com.nopCommerce.Tests.NopCommerce_RegisterDDT_Tc002@5025a98f]" name="RegisterDDT" duration-ms="3656" started-at="2019-05-21T06:43:35Z" data-provider="RegisterData" finished-at="2019-05-21T06:43:39Z">
          <params>
            <param index="0">
              <value>
                <![CDATA[Manu]]>
              </value>
            </param>
            <param index="1">
              <value>
                <![CDATA[Kumar]]>
              </value>
            </param>
            <param index="2">
              <value>
                <![CDATA[Aug142]]>
              </value>
            </param>
            <param index="3">
              <value>
                <![CDATA[Aug142]]>
              </value>
            </param>
          </params>
          <reporter-output>
          </reporter-output>
        </test-method> <!-- RegisterDDT -->
        <test-method status="PASS" signature="RegisterDDT(java.lang.String, java.lang.String, java.lang.String, java.lang.String)[pri:0, instance:Com.nopCommerce.Tests.NopCommerce_RegisterDDT_Tc002@5025a98f]" name="RegisterDDT" duration-ms="1859" started-at="2019-05-21T06:43:39Z" data-provider="RegisterData" finished-at="2019-05-21T06:43:41Z">
          <params>
            <param index="0">
              <value>
                <![CDATA[Manoj]]>
              </value>
            </param>
            <param index="1">
              <value>
                <![CDATA[sa]]>
              </value>
            </param>
            <param index="2">
              <value>
                <![CDATA[hfsc]]>
              </value>
            </param>
            <param index="3">
              <value>
                <![CDATA[hfsc]]>
              </value>
            </param>
          </params>
          <reporter-output>
          </reporter-output>
        </test-method> <!-- RegisterDDT -->
        <test-method status="PASS" signature="Teardown()[pri:0, instance:Com.nopCommerce.Tests.NopCommerce_RegisterDDT_Tc002@5025a98f]" name="Teardown" is-config="true" duration-ms="3097" started-at="2019-05-21T06:43:41Z" finished-at="2019-05-21T06:43:44Z">
          <reporter-output>
          </reporter-output>
        </test-method> <!-- Teardown -->
      </class> <!-- Com.nopCommerce.Tests.NopCommerce_RegisterDDT_Tc002 -->
    </test> <!-- NOP-E-Commerce Test -->
  </suite> <!-- NopCommerce -->
</testng-results>
