<?xml version="1.0" encoding="UTF-8"?>
<testng-results skipped="0" failed="0" ignored="0" total="3" passed="3">
  <reporter-output>
  </reporter-output>
  <suite name="NopCommerce" duration-ms="91660" started-at="2019-05-23T09:11:26Z" finished-at="2019-05-23T09:12:58Z">
    <groups>
    </groups>
    <test name="NOP-E-Commerce Test" duration-ms="91660" started-at="2019-05-23T09:11:26Z" finished-at="2019-05-23T09:12:58Z">
      <class name="Com.nopCommerce.Tests.NopCommerce_Register_Tc001">
        <test-method status="PASS" signature="SetUp()[pri:0, instance:Com.nopCommerce.Tests.NopCommerce_Register_Tc001@1aabf50d]" name="SetUp" is-config="true" duration-ms="54852" started-at="2019-05-23T09:11:27Z" finished-at="2019-05-23T09:12:22Z">
          <reporter-output>
          </reporter-output>
        </test-method> <!-- SetUp -->
        <test-method status="PASS" signature="RegisterNopCommerce()[pri:0, instance:Com.nopCommerce.Tests.NopCommerce_Register_Tc001@1aabf50d]" name="RegisterNopCommerce" duration-ms="3880" started-at="2019-05-23T09:12:22Z" finished-at="2019-05-23T09:12:26Z">
          <reporter-output>
          </reporter-output>
        </test-method> <!-- RegisterNopCommerce -->
        <test-method status="PASS" signature="Teardown()[pri:0, instance:Com.nopCommerce.Tests.NopCommerce_Register_Tc001@1aabf50d]" name="Teardown" is-config="true" duration-ms="3726" started-at="2019-05-23T09:12:26Z" finished-at="2019-05-23T09:12:30Z">
          <reporter-output>
          </reporter-output>
        </test-method> <!-- Teardown -->
      </class> <!-- Com.nopCommerce.Tests.NopCommerce_Register_Tc001 -->
      <class name="Com.nopCommerce.Tests.NopCommerce_RegisterDDT_Tc002">
        <test-method status="PASS" signature="SetUp()[pri:0, instance:Com.nopCommerce.Tests.NopCommerce_RegisterDDT_Tc002@73c9e8e8]" name="SetUp" is-config="true" duration-ms="15670" started-at="2019-05-23T09:12:30Z" finished-at="2019-05-23T09:12:46Z">
          <reporter-output>
          </reporter-output>
        </test-method> <!-- SetUp -->
        <test-method status="PASS" signature="RegisterDDT(java.lang.String, java.lang.String, java.lang.String, java.lang.String)[pri:0, instance:Com.nopCommerce.Tests.NopCommerce_RegisterDDT_Tc002@73c9e8e8]" name="RegisterDDT" duration-ms="2349" started-at="2019-05-23T09:12:51Z" data-provider="RegisterData" finished-at="2019-05-23T09:12:54Z">
          <params>
            <param index="0">
              <value>
                <![CDATA[Manu]]>
              </value>
            </param>
            <param index="1">
              <value>
                <![CDATA[Kumar]]>
              </value>
            </param>
            <param index="2">
              <value>
                <![CDATA[Aug142]]>
              </value>
            </param>
            <param index="3">
              <value>
                <![CDATA[Aug142]]>
              </value>
            </param>
          </params>
          <reporter-output>
          </reporter-output>
        </test-method> <!-- RegisterDDT -->
        <test-method status="PASS" signature="RegisterDDT(java.lang.String, java.lang.String, java.lang.String, java.lang.String)[pri:0, instance:Com.nopCommerce.Tests.NopCommerce_RegisterDDT_Tc002@73c9e8e8]" name="RegisterDDT" duration-ms="1617" started-at="2019-05-23T09:12:54Z" data-provider="RegisterData" finished-at="2019-05-23T09:12:55Z">
          <params>
            <param index="0">
              <value>
                <![CDATA[Manoj]]>
              </value>
            </param>
            <param index="1">
              <value>
                <![CDATA[sa]]>
              </value>
            </param>
            <param index="2">
              <value>
                <![CDATA[hfsc]]>
              </value>
            </param>
            <param index="3">
              <value>
                <![CDATA[hfsc]]>
              </value>
            </param>
          </params>
          <reporter-output>
          </reporter-output>
        </test-method> <!-- RegisterDDT -->
        <test-method status="PASS" signature="Teardown()[pri:0, instance:Com.nopCommerce.Tests.NopCommerce_RegisterDDT_Tc002@73c9e8e8]" name="Teardown" is-config="true" duration-ms="2665" started-at="2019-05-23T09:12:55Z" finished-at="2019-05-23T09:12:58Z">
          <reporter-output>
          </reporter-output>
        </test-method> <!-- Teardown -->
      </class> <!-- Com.nopCommerce.Tests.NopCommerce_RegisterDDT_Tc002 -->
    </test> <!-- NOP-E-Commerce Test -->
  </suite> <!-- NopCommerce -->
</testng-results>
